<?xml version="1.0" encoding="UTF-8"?>
<!-- Generated by org.testng.reporters.JUnitReportReporter -->
<testsuite hostname="DESKTOP-CFS2EAU" failures="0" tests="1" name="com.crm.contact_Test.Test_Contacts_003" time="125.173" errors="0" timestamp="2025-04-10T18:18:26 IST" skipped="0">
  <testcase classname="com.crm.contact_Test.Test_Contacts_003" name="contacts_003" time="125.173"/>
  <system-out/>
</testsuite> <!-- com.crm.contact_Test.Test_Contacts_003 -->
