<?xml version="1.0" encoding="UTF-8"?>
<!-- Generated by org.testng.reporters.JUnitReportReporter -->
<testsuite hostname="DESKTOP-CFS2EAU" failures="0" tests="1" name="com.crm.leads_Test.Test_Leads_004" time="121.209" errors="0" timestamp="2025-04-10T18:18:26 IST" skipped="0">
  <testcase classname="com.crm.leads_Test.Test_Leads_004" name="leads_004" time="121.209"/>
  <system-out/>
</testsuite> <!-- com.crm.leads_Test.Test_Leads_004 -->
