<?xml version="1.0" encoding="UTF-8"?>
<!-- Generated by org.testng.reporters.JUnitReportReporter -->
<testsuite hostname="DESKTOP-CFS2EAU" failures="0" tests="1" name="samplePracticePackage.Test_Contacts_005" time="44.593" errors="0" timestamp="2025-04-08T15:10:44 IST" skipped="0">
  <testcase classname="samplePracticePackage.Test_Contacts_005" name="contacts_005" time="44.593"/>
  <system-out/>
</testsuite> <!-- samplePracticePackage.Test_Contacts_005 -->
