<?xml version="1.0" encoding="UTF-8"?>
<!-- Generated by org.testng.reporters.JUnitReportReporter -->
<testsuite hostname="DESKTOP-CFS2EAU" failures="0" tests="1" name="com.crm.leads_Test.Test_Leads_003" time="43.305" errors="0" timestamp="2025-04-10T10:21:34 IST" skipped="0">
  <testcase classname="com.crm.leads_Test.Test_Leads_003" name="leads_003" time="43.305"/>
  <system-out/>
</testsuite> <!-- com.crm.leads_Test.Test_Leads_003 -->
