<?xml version="1.0" encoding="UTF-8"?>
<!-- Generated by org.testng.reporters.JUnitReportReporter -->
<testsuite hostname="DESKTOP-CFS2EAU" failures="0" tests="1" name="com.crm.leads_Test.Test_Leads_001" time="44.532" errors="0" timestamp="2025-04-09T11:06:05 IST" skipped="0">
  <testcase classname="com.crm.leads_Test.Test_Leads_001" name="leads_001" time="44.532"/>
  <system-out/>
</testsuite> <!-- com.crm.leads_Test.Test_Leads_001 -->
