<?xml version="1.0" encoding="UTF-8"?>
<!-- Generated by org.testng.reporters.JUnitReportReporter -->
<testsuite hostname="DESKTOP-CFS2EAU" failures="0" tests="1" name="com.crm.campaign_Test.Test_Campaign_001" time="0.194" errors="0" timestamp="2025-04-11T16:28:39 IST" skipped="0">
  <testcase classname="com.crm.campaign_Test.Test_Campaign_001" name="campaign_001" time="0.194"/>
  <system-out/>
</testsuite> <!-- com.crm.campaign_Test.Test_Campaign_001 -->
