<?xml version="1.0" encoding="UTF-8"?>
<!-- Generated by org.testng.reporters.JUnitReportReporter -->
<testsuite hostname="DESKTOP-CFS2EAU" failures="0" tests="1" name="samplePracticePackage.Test_Org_002" time="40.095" errors="0" timestamp="2025-04-08T10:38:28 IST" skipped="0">
  <testcase classname="samplePracticePackage.Test_Org_002" name="Org_002" time="40.095"/>
  <system-out/>
</testsuite> <!-- samplePracticePackage.Test_Org_002 -->
