<?xml version="1.0" encoding="UTF-8"?>
<!-- Generated by org.testng.reporters.JUnitReportReporter -->
<testsuite hostname="DESKTOP-CFS2EAU" failures="0" tests="1" name="com.crm.leads_Test.Test_Leads_002" time="39.377" errors="0" timestamp="2025-04-09T11:28:54 IST" skipped="0">
  <testcase classname="com.crm.leads_Test.Test_Leads_002" name="leads_002" time="39.377"/>
  <system-out/>
</testsuite> <!-- com.crm.leads_Test.Test_Leads_002 -->
