<?xml version="1.0" encoding="UTF-8"?>
<!-- Generated by org.testng.reporters.JUnitReportReporter -->
<testsuite hostname="DESKTOP-CFS2EAU" failures="0" tests="1" name="samplePracticePackage.Test_Org_003" time="40.584" errors="0" timestamp="2025-04-08T10:46:41 IST" skipped="0">
  <testcase classname="samplePracticePackage.Test_Org_003" name="Org_003" time="40.584"/>
  <system-out/>
</testsuite> <!-- samplePracticePackage.Test_Org_003 -->
