<?xml version="1.0" encoding="UTF-8"?>
<!-- Generated by org.testng.reporters.JUnitReportReporter -->
<testsuite hostname="DESKTOP-CFS2EAU" failures="0" tests="1" name="samplePracticePackage.Test_Contacts_003" time="41.355" errors="0" timestamp="2025-04-08T14:14:15 IST" skipped="0">
  <testcase classname="samplePracticePackage.Test_Contacts_003" name="contacts_003" time="41.355"/>
  <system-out/>
</testsuite> <!-- samplePracticePackage.Test_Contacts_003 -->
