<?xml version="1.0" encoding="UTF-8"?>
<!-- Generated by org.testng.reporters.JUnitReportReporter -->
<testsuite hostname="DESKTOP-CFS2EAU" failures="0" tests="1" name="samplePracticePackage.Test_Contacts_002" time="62.341" errors="0" timestamp="2025-04-08T15:56:15 IST" skipped="0">
  <testcase classname="samplePracticePackage.Test_Contacts_002" name="contacts_002" time="62.341"/>
  <system-out/>
</testsuite> <!-- samplePracticePackage.Test_Contacts_002 -->
