<?xml version="1.0" encoding="UTF-8"?>
<!-- Generated by org.testng.reporters.JUnitReportReporter -->
<testsuite hostname="DESKTOP-CFS2EAU" failures="0" tests="1" name="samplePracticePackage.Test_Contacts_001" time="44.778" errors="0" timestamp="2025-04-08T12:55:47 IST" skipped="0">
  <testcase classname="samplePracticePackage.Test_Contacts_001" name="contacts_001" time="44.778"/>
  <system-out/>
</testsuite> <!-- samplePracticePackage.Test_Contacts_001 -->
